{"/Users/curieyoo/tf/vue-todo/src/main.js": {"path":"/Users/curieyoo/tf/vue-todo/src/main.js","statementMap":{"0":{"start":{"line":7,"column":15},"end":{"line":16,"column":1}},"1":{"start":{"line":18,"column":0},"end":{"line":18,"column":56}},"2":{"start":{"line":19,"column":11},"end":{"line":19,"column":31}},"3":{"start":{"line":22,"column":0},"end":{"line":26,"column":17}},"4":{"start":{"line":25,"column":15},"end":{"line":25,"column":21}}},"fnMap":{"0":{"name":"(anonymous_0)","decl":{"start":{"line":25,"column":10},"end":{"line":25,"column":11}},"loc":{"start":{"line":25,"column":15},"end":{"line":25,"column":21}},"line":25}},"branchMap":{},"s":{"0":2,"1":2,"2":2,"3":2,"4":2},"f":{"0":2},"b":{},"_coverageSchema":"43e27e138ebf9cfc5966b082cf9a028302ed4184","hash":"dbb4a93a48ec1df722de2fb52f5bbc498a957e1a"}
,"/Users/curieyoo/tf/vue-todo/src/components/Todo.vue": {"path":"/Users/curieyoo/tf/vue-todo/src/components/Todo.vue","statementMap":{"0":{"start":{"line":31,"column":0},"end":{"line":31,"column":null}}},"fnMap":{},"branchMap":{},"s":{"0":2},"f":{},"b":{}}
,"/Users/curieyoo/tf/vue-todo/src/components/TodoList.vue": {"path":"/Users/curieyoo/tf/vue-todo/src/components/TodoList.vue","statementMap":{"0":{"start":{"line":31,"column":0},"end":{"line":31,"column":null}},"1":{"start":{"line":32,"column":0},"end":{"line":32,"column":null}},"2":{"start":{"line":33,"column":0},"end":{"line":33,"column":null}},"3":{"start":{"line":34,"column":0},"end":{"line":34,"column":null}},"4":{"start":{"line":36,"column":0},"end":{"line":37,"column":null}},"5":{"start":{"line":42,"column":0},"end":{"line":42,"column":null}},"6":{"start":{"line":44,"column":0},"end":{"line":44,"column":null}},"7":{"start":{"line":47,"column":0},"end":{"line":49,"column":null}},"8":{"start":{"line":48,"column":0},"end":{"line":48,"column":null}},"9":{"start":{"line":52,"column":0},"end":{"line":54,"column":null}},"10":{"start":{"line":53,"column":0},"end":{"line":53,"column":null}},"11":{"start":{"line":64,"column":0},"end":{"line":64,"column":null}},"12":{"start":{"line":67,"column":0},"end":{"line":67,"column":null}},"13":{"start":{"line":76,"column":0},"end":{"line":76,"column":null}},"14":{"start":{"line":81,"column":0},"end":{"line":81,"column":null}},"15":{"start":{"line":97,"column":0},"end":{"line":97,"column":null}},"16":{"start":{"line":98,"column":0},"end":{"line":98,"column":null}}},"fnMap":{"0":{"name":"(anonymous_1)","decl":{"start":{"line":43,"column":0},"end":{"line":43,"column":null}},"loc":{"start":{"line":43,"column":0},"end":{"line":45,"column":null}}},"1":{"name":"(anonymous_2)","decl":{"start":{"line":46,"column":0},"end":{"line":46,"column":null}},"loc":{"start":{"line":46,"column":0},"end":{"line":50,"column":null}}},"2":{"name":"(anonymous_3)","decl":{"start":{"line":47,"column":0},"end":{"line":47,"column":null}},"loc":{"start":{"line":47,"column":0},"end":{"line":49,"column":null}}},"3":{"name":"(anonymous_4)","decl":{"start":{"line":51,"column":0},"end":{"line":51,"column":null}},"loc":{"start":{"line":51,"column":0},"end":{"line":55,"column":null}}},"4":{"name":"(anonymous_5)","decl":{"start":{"line":52,"column":0},"end":{"line":52,"column":null}},"loc":{"start":{"line":52,"column":0},"end":{"line":54,"column":null}}},"5":{"name":"(anonymous_6)","decl":{"start":{"line":63,"column":0},"end":{"line":63,"column":null}},"loc":{"start":{"line":63,"column":0},"end":{"line":65,"column":null}}},"6":{"name":"(anonymous_7)","decl":{"start":{"line":66,"column":0},"end":{"line":66,"column":null}},"loc":{"start":{"line":66,"column":0},"end":{"line":70,"column":null}}},"7":{"name":"(anonymous_8)","decl":{"start":{"line":76,"column":0},"end":{"line":76,"column":null}},"loc":{"start":{"line":76,"column":0},"end":{"line":76,"column":null}}},"8":{"name":"(anonymous_9)","decl":{"start":{"line":80,"column":0},"end":{"line":80,"column":null}},"loc":{"start":{"line":80,"column":0},"end":{"line":82,"column":null}}},"9":{"name":"(anonymous_10)","decl":{"start":{"line":96,"column":0},"end":{"line":96,"column":null}},"loc":{"start":{"line":96,"column":0},"end":{"line":99,"column":null}}}},"branchMap":{},"s":{"0":2,"1":2,"2":2,"3":2,"4":2,"5":2,"6":26,"7":0,"8":0,"9":0,"10":0,"11":8,"12":8,"13":26,"14":0,"15":0,"16":0},"f":{"0":26,"1":0,"2":0,"3":0,"4":0,"5":8,"6":8,"7":26,"8":0,"9":0},"b":{}}
,"/Users/curieyoo/tf/vue-todo/src/router/index.js": {"path":"/Users/curieyoo/tf/vue-todo/src/router/index.js","statementMap":{"0":{"start":{"line":5,"column":0},"end":{"line":5,"column":18}},"1":{"start":{"line":7,"column":15},"end":{"line":18,"column":1}},"2":{"start":{"line":20,"column":15},"end":{"line":22,"column":2}}},"fnMap":{},"branchMap":{},"s":{"0":2,"1":2,"2":2},"f":{},"b":{},"_coverageSchema":"43e27e138ebf9cfc5966b082cf9a028302ed4184","hash":"044050946ddffeec341f1af4df32c44e7855aa34"}
,"/Users/curieyoo/tf/vue-todo/src/store/index.js": {"path":"/Users/curieyoo/tf/vue-todo/src/store/index.js","statementMap":{"0":{"start":{"line":5,"column":0},"end":{"line":5,"column":13}}},"fnMap":{},"branchMap":{},"s":{"0":2},"f":{},"b":{},"_coverageSchema":"43e27e138ebf9cfc5966b082cf9a028302ed4184","hash":"2d9eb6e1d88784a745f573e7150cae245b66bb5e"}
,"/Users/curieyoo/tf/vue-todo/src/store/todos/actions.js": {"path":"/Users/curieyoo/tf/vue-todo/src/store/todos/actions.js","statementMap":{"0":{"start":{"line":4,"column":4},"end":{"line":4,"column":33}},"1":{"start":{"line":7,"column":4},"end":{"line":17,"column":5}},"2":{"start":{"line":8,"column":23},"end":{"line":11,"column":7}},"3":{"start":{"line":12,"column":6},"end":{"line":12,"column":34}},"4":{"start":{"line":13,"column":6},"end":{"line":16,"column":8}},"5":{"start":{"line":20,"column":4},"end":{"line":20,"column":37}},"6":{"start":{"line":23,"column":4},"end":{"line":23,"column":28}},"7":{"start":{"line":26,"column":4},"end":{"line":26,"column":31}},"8":{"start":{"line":27,"column":4},"end":{"line":29,"column":15}},"9":{"start":{"line":32,"column":4},"end":{"line":32,"column":31}},"10":{"start":{"line":33,"column":21},"end":{"line":33,"column":32}},"11":{"start":{"line":34,"column":4},"end":{"line":34,"column":40}},"12":{"start":{"line":35,"column":4},"end":{"line":37,"column":20}},"13":{"start":{"line":40,"column":4},"end":{"line":40,"column":29}},"14":{"start":{"line":41,"column":4},"end":{"line":50,"column":8}},"15":{"start":{"line":43,"column":8},"end":{"line":49,"column":10}},"16":{"start":{"line":44,"column":10},"end":{"line":48,"column":11}},"17":{"start":{"line":45,"column":12},"end":{"line":47,"column":23}},"18":{"start":{"line":53,"column":4},"end":{"line":53,"column":26}},"19":{"start":{"line":54,"column":4},"end":{"line":65,"column":8}},"20":{"start":{"line":56,"column":8},"end":{"line":64,"column":10}},"21":{"start":{"line":57,"column":10},"end":{"line":63,"column":11}},"22":{"start":{"line":58,"column":12},"end":{"line":62,"column":15}}},"fnMap":{"0":{"name":"(anonymous_0)","decl":{"start":{"line":3,"column":13},"end":{"line":3,"column":14}},"loc":{"start":{"line":3,"column":38},"end":{"line":5,"column":3}},"line":3},"1":{"name":"(anonymous_1)","decl":{"start":{"line":6,"column":2},"end":{"line":6,"column":3}},"loc":{"start":{"line":6,"column":30},"end":{"line":18,"column":3}},"line":6},"2":{"name":"(anonymous_2)","decl":{"start":{"line":19,"column":2},"end":{"line":19,"column":3}},"loc":{"start":{"line":19,"column":37},"end":{"line":21,"column":3}},"line":19},"3":{"name":"(anonymous_3)","decl":{"start":{"line":22,"column":2},"end":{"line":22,"column":3}},"loc":{"start":{"line":22,"column":28},"end":{"line":24,"column":3}},"line":22},"4":{"name":"(anonymous_4)","decl":{"start":{"line":25,"column":2},"end":{"line":25,"column":3}},"loc":{"start":{"line":25,"column":32},"end":{"line":30,"column":3}},"line":25},"5":{"name":"(anonymous_5)","decl":{"start":{"line":31,"column":2},"end":{"line":31,"column":3}},"loc":{"start":{"line":31,"column":32},"end":{"line":38,"column":3}},"line":31},"6":{"name":"(anonymous_6)","decl":{"start":{"line":39,"column":2},"end":{"line":39,"column":3}},"loc":{"start":{"line":39,"column":30},"end":{"line":51,"column":3}},"line":39},"7":{"name":"(anonymous_7)","decl":{"start":{"line":42,"column":12},"end":{"line":42,"column":13}},"loc":{"start":{"line":42,"column":24},"end":{"line":50,"column":7}},"line":42},"8":{"name":"(anonymous_8)","decl":{"start":{"line":43,"column":25},"end":{"line":43,"column":26}},"loc":{"start":{"line":43,"column":32},"end":{"line":49,"column":9}},"line":43},"9":{"name":"(anonymous_9)","decl":{"start":{"line":52,"column":2},"end":{"line":52,"column":3}},"loc":{"start":{"line":52,"column":27},"end":{"line":66,"column":3}},"line":52},"10":{"name":"(anonymous_10)","decl":{"start":{"line":55,"column":12},"end":{"line":55,"column":13}},"loc":{"start":{"line":55,"column":24},"end":{"line":65,"column":7}},"line":55},"11":{"name":"(anonymous_11)","decl":{"start":{"line":56,"column":25},"end":{"line":56,"column":26}},"loc":{"start":{"line":56,"column":32},"end":{"line":64,"column":9}},"line":56}},"branchMap":{"0":{"loc":{"start":{"line":7,"column":4},"end":{"line":17,"column":5}},"type":"if","locations":[{"start":{"line":7,"column":4},"end":{"line":17,"column":5}},{"start":{"line":7,"column":4},"end":{"line":17,"column":5}}],"line":7},"1":{"loc":{"start":{"line":44,"column":10},"end":{"line":48,"column":11}},"type":"if","locations":[{"start":{"line":44,"column":10},"end":{"line":48,"column":11}},{"start":{"line":44,"column":10},"end":{"line":48,"column":11}}],"line":44},"2":{"loc":{"start":{"line":57,"column":10},"end":{"line":63,"column":11}},"type":"if","locations":[{"start":{"line":57,"column":10},"end":{"line":63,"column":11}},{"start":{"line":57,"column":10},"end":{"line":63,"column":11}}],"line":57}},"s":{"0":0,"1":0,"2":0,"3":0,"4":0,"5":0,"6":0,"7":0,"8":0,"9":0,"10":0,"11":0,"12":0,"13":0,"14":0,"15":0,"16":0,"17":0,"18":0,"19":0,"20":0,"21":0,"22":0},"f":{"0":0,"1":0,"2":0,"3":0,"4":0,"5":0,"6":0,"7":0,"8":0,"9":0,"10":0,"11":0},"b":{"0":[0,0],"1":[0,0],"2":[0,0]},"_coverageSchema":"43e27e138ebf9cfc5966b082cf9a028302ed4184","hash":"d91888119cffc26084a452b143b7fe7dc3409b45"}
,"/Users/curieyoo/tf/vue-todo/src/store/todos/index.js": {"path":"/Users/curieyoo/tf/vue-todo/src/store/todos/index.js","statementMap":{"0":{"start":{"line":4,"column":14},"end":{"line":7,"column":1}}},"fnMap":{},"branchMap":{},"s":{"0":2},"f":{},"b":{},"_coverageSchema":"43e27e138ebf9cfc5966b082cf9a028302ed4184","hash":"f2cf96eb05c73dc2ca66bf092eb8392a6549d629"}
,"/Users/curieyoo/tf/vue-todo/src/store/todos/mutation-types.js": {"path":"/Users/curieyoo/tf/vue-todo/src/store/todos/mutation-types.js","statementMap":{"0":{"start":{"line":1,"column":17},"end":{"line":1,"column":27}},"1":{"start":{"line":2,"column":21},"end":{"line":2,"column":35}},"2":{"start":{"line":3,"column":23},"end":{"line":3,"column":39}},"3":{"start":{"line":4,"column":20},"end":{"line":4,"column":33}},"4":{"start":{"line":5,"column":20},"end":{"line":5,"column":33}},"5":{"start":{"line":6,"column":24},"end":{"line":6,"column":41}},"6":{"start":{"line":7,"column":21},"end":{"line":7,"column":35}},"7":{"start":{"line":8,"column":19},"end":{"line":8,"column":31}}},"fnMap":{},"branchMap":{},"s":{"0":2,"1":2,"2":2,"3":2,"4":2,"5":2,"6":2,"7":2},"f":{},"b":{},"_coverageSchema":"43e27e138ebf9cfc5966b082cf9a028302ed4184","hash":"d22b66078855ea9f48aa60df86f704db8b6f416c"}
,"/Users/curieyoo/tf/vue-todo/src/store/todos/mutations.js": {"path":"/Users/curieyoo/tf/vue-todo/src/store/todos/mutations.js","statementMap":{"0":{"start":{"line":5,"column":4},"end":{"line":5,"column":30}},"1":{"start":{"line":8,"column":4},"end":{"line":8,"column":29}},"2":{"start":{"line":11,"column":4},"end":{"line":11,"column":22}},"3":{"start":{"line":14,"column":4},"end":{"line":14,"column":63}},"4":{"start":{"line":14,"column":45},"end":{"line":14,"column":62}},"5":{"start":{"line":17,"column":4},"end":{"line":17,"column":105}},"6":{"start":{"line":20,"column":4},"end":{"line":22,"column":5}},"7":{"start":{"line":21,"column":14},"end":{"line":21,"column":29}},"8":{"start":{"line":25,"column":4},"end":{"line":29,"column":9}},"9":{"start":{"line":26,"column":7},"end":{"line":29,"column":7}},"10":{"start":{"line":32,"column":4},"end":{"line":37,"column":6}},"11":{"start":{"line":33,"column":6},"end":{"line":33,"column":22}},"12":{"start":{"line":34,"column":6},"end":{"line":36,"column":8}},"13":{"start":{"line":35,"column":8},"end":{"line":35,"column":36}}},"fnMap":{"0":{"name":"(anonymous_0)","decl":{"start":{"line":4,"column":2},"end":{"line":4,"column":3}},"loc":{"start":{"line":4,"column":37},"end":{"line":6,"column":3}},"line":4},"1":{"name":"(anonymous_1)","decl":{"start":{"line":7,"column":2},"end":{"line":7,"column":3}},"loc":{"start":{"line":7,"column":42},"end":{"line":9,"column":3}},"line":7},"2":{"name":"(anonymous_2)","decl":{"start":{"line":10,"column":2},"end":{"line":10,"column":3}},"loc":{"start":{"line":10,"column":33},"end":{"line":12,"column":3}},"line":10},"3":{"name":"(anonymous_3)","decl":{"start":{"line":13,"column":2},"end":{"line":13,"column":3}},"loc":{"start":{"line":13,"column":40},"end":{"line":15,"column":3}},"line":13},"4":{"name":"(anonymous_4)","decl":{"start":{"line":14,"column":37},"end":{"line":14,"column":38}},"loc":{"start":{"line":14,"column":45},"end":{"line":14,"column":62}},"line":14},"5":{"name":"(anonymous_5)","decl":{"start":{"line":16,"column":2},"end":{"line":16,"column":3}},"loc":{"start":{"line":16,"column":40},"end":{"line":18,"column":3}},"line":16},"6":{"name":"(anonymous_6)","decl":{"start":{"line":19,"column":2},"end":{"line":19,"column":3}},"loc":{"start":{"line":19,"column":34},"end":{"line":23,"column":3}},"line":19},"7":{"name":"(anonymous_7)","decl":{"start":{"line":21,"column":6},"end":{"line":21,"column":7}},"loc":{"start":{"line":21,"column":14},"end":{"line":21,"column":29}},"line":21},"8":{"name":"(anonymous_8)","decl":{"start":{"line":24,"column":2},"end":{"line":24,"column":3}},"loc":{"start":{"line":24,"column":31},"end":{"line":30,"column":3}},"line":24},"9":{"name":"(anonymous_9)","decl":{"start":{"line":25,"column":34},"end":{"line":25,"column":35}},"loc":{"start":{"line":26,"column":7},"end":{"line":29,"column":7}},"line":26},"10":{"name":"(anonymous_10)","decl":{"start":{"line":31,"column":2},"end":{"line":31,"column":3}},"loc":{"start":{"line":31,"column":38},"end":{"line":38,"column":3}},"line":31},"11":{"name":"(anonymous_11)","decl":{"start":{"line":32,"column":23},"end":{"line":32,"column":24}},"loc":{"start":{"line":32,"column":37},"end":{"line":37,"column":5}},"line":32},"12":{"name":"(anonymous_12)","decl":{"start":{"line":34,"column":23},"end":{"line":34,"column":24}},"loc":{"start":{"line":34,"column":32},"end":{"line":36,"column":7}},"line":34}},"branchMap":{},"s":{"0":0,"1":0,"2":0,"3":0,"4":0,"5":0,"6":0,"7":0,"8":0,"9":0,"10":0,"11":0,"12":0,"13":0},"f":{"0":0,"1":0,"2":0,"3":0,"4":0,"5":0,"6":0,"7":0,"8":0,"9":0,"10":0,"11":0,"12":0},"b":{},"_coverageSchema":"43e27e138ebf9cfc5966b082cf9a028302ed4184","hash":"3379cb7084ebc3e5948a50b6d89f6ff333b8971e"}
,"/Users/curieyoo/tf/vue-todo/src/views/Home.vue": {"path":"/Users/curieyoo/tf/vue-todo/src/views/Home.vue","statementMap":{"0":{"start":{"line":9,"column":0},"end":{"line":9,"column":null}}},"fnMap":{},"branchMap":{},"s":{"0":2},"f":{},"b":{}}
}
