TN:
SF:/Users/curieyoo/tf/vue-todo/src/main.js
FN:29,(anonymous_0)
FNF:1
FNH:1
FNDA:2,(anonymous_0)
DA:9,2
DA:20,2
DA:21,2
DA:24,2
DA:25,2
DA:26,2
DA:29,2
LF:7
LH:7
BRF:0
BRH:0
end_of_record
TN:
SF:/Users/curieyoo/tf/vue-todo/src/components/Todo.vue
FNF:0
FNH:0
DA:31,2
LF:1
LH:1
BRF:0
BRH:0
end_of_record
TN:
SF:/Users/curieyoo/tf/vue-todo/src/components/TodoList.vue
FN:43,(anonymous_1)
FN:46,(anonymous_2)
FN:47,(anonymous_3)
FN:51,(anonymous_4)
FN:52,(anonymous_5)
FN:63,(anonymous_6)
FN:66,(anonymous_7)
FN:76,(anonymous_8)
FN:80,(anonymous_9)
FN:96,(anonymous_10)
FNF:10
FNH:4
FNDA:18,(anonymous_1)
FNDA:0,(anonymous_2)
FNDA:0,(anonymous_3)
FNDA:0,(anonymous_4)
FNDA:0,(anonymous_5)
FNDA:8,(anonymous_6)
FNDA:8,(anonymous_7)
FNDA:18,(anonymous_8)
FNDA:0,(anonymous_9)
FNDA:0,(anonymous_10)
DA:31,2
DA:32,2
DA:33,2
DA:34,2
DA:36,2
DA:42,2
DA:44,18
DA:47,0
DA:48,0
DA:52,0
DA:53,0
DA:64,8
DA:67,8
DA:76,18
DA:81,0
DA:97,0
DA:98,0
LF:17
LH:10
BRF:0
BRH:0
end_of_record
TN:
SF:/Users/curieyoo/tf/vue-todo/src/router/index.js
FNF:0
FNH:0
DA:5,2
DA:7,2
DA:20,2
LF:3
LH:3
BRF:0
BRH:0
end_of_record
TN:
SF:/Users/curieyoo/tf/vue-todo/src/store/index.js
FNF:0
FNH:0
DA:5,2
LF:1
LH:1
BRF:0
BRH:0
end_of_record
TN:
SF:/Users/curieyoo/tf/vue-todo/src/store/todos/actions.js
FN:3,(anonymous_0)
FN:6,(anonymous_1)
FN:19,(anonymous_2)
FN:22,(anonymous_3)
FN:25,(anonymous_4)
FN:31,(anonymous_5)
FN:39,(anonymous_6)
FN:42,(anonymous_7)
FN:43,(anonymous_8)
FN:52,(anonymous_9)
FN:55,(anonymous_10)
FN:56,(anonymous_11)
FNF:12
FNH:0
FNDA:0,(anonymous_0)
FNDA:0,(anonymous_1)
FNDA:0,(anonymous_2)
FNDA:0,(anonymous_3)
FNDA:0,(anonymous_4)
FNDA:0,(anonymous_5)
FNDA:0,(anonymous_6)
FNDA:0,(anonymous_7)
FNDA:0,(anonymous_8)
FNDA:0,(anonymous_9)
FNDA:0,(anonymous_10)
FNDA:0,(anonymous_11)
DA:4,0
DA:7,0
DA:8,0
DA:12,0
DA:13,0
DA:20,0
DA:23,0
DA:26,0
DA:27,0
DA:32,0
DA:33,0
DA:34,0
DA:35,0
DA:40,0
DA:41,0
DA:43,0
DA:44,0
DA:45,0
DA:53,0
DA:54,0
DA:56,0
DA:57,0
DA:58,0
LF:23
LH:0
BRDA:7,0,0,0
BRDA:7,0,1,0
BRDA:44,1,0,0
BRDA:44,1,1,0
BRDA:57,2,0,0
BRDA:57,2,1,0
BRF:6
BRH:0
end_of_record
TN:
SF:/Users/curieyoo/tf/vue-todo/src/store/todos/index.js
FNF:0
FNH:0
DA:4,2
LF:1
LH:1
BRF:0
BRH:0
end_of_record
TN:
SF:/Users/curieyoo/tf/vue-todo/src/store/todos/mutation-types.js
FNF:0
FNH:0
DA:1,2
DA:2,2
DA:3,2
DA:4,2
DA:5,2
DA:6,2
DA:7,2
DA:8,2
LF:8
LH:8
BRF:0
BRH:0
end_of_record
TN:
SF:/Users/curieyoo/tf/vue-todo/src/store/todos/mutations.js
FN:4,(anonymous_0)
FN:7,(anonymous_1)
FN:10,(anonymous_2)
FN:13,(anonymous_3)
FN:14,(anonymous_4)
FN:16,(anonymous_5)
FN:19,(anonymous_6)
FN:21,(anonymous_7)
FN:24,(anonymous_8)
FN:25,(anonymous_9)
FN:31,(anonymous_10)
FN:32,(anonymous_11)
FN:34,(anonymous_12)
FNF:13
FNH:0
FNDA:0,(anonymous_0)
FNDA:0,(anonymous_1)
FNDA:0,(anonymous_2)
FNDA:0,(anonymous_3)
FNDA:0,(anonymous_4)
FNDA:0,(anonymous_5)
FNDA:0,(anonymous_6)
FNDA:0,(anonymous_7)
FNDA:0,(anonymous_8)
FNDA:0,(anonymous_9)
FNDA:0,(anonymous_10)
FNDA:0,(anonymous_11)
FNDA:0,(anonymous_12)
DA:5,0
DA:8,0
DA:11,0
DA:14,0
DA:17,0
DA:20,0
DA:21,0
DA:25,0
DA:26,0
DA:32,0
DA:33,0
DA:34,0
DA:35,0
LF:13
LH:0
BRF:0
BRH:0
end_of_record
TN:
SF:/Users/curieyoo/tf/vue-todo/src/views/Home.vue
FNF:0
FNH:0
DA:9,2
LF:1
LH:1
BRF:0
BRH:0
end_of_record
